<?xml version="1.0" encoding="UTF-8"?>
<testsuite xmlns:xsi="http://www.w3.org/2001/XMLSchema-instance" xsi:noNamespaceSchemaLocation="https://maven.apache.org/surefire/maven-surefire-plugin/xsd/surefire-test-report-3.0.xsd" version="3.0" name="Kursach.AptekaSystem.AptekaSystemApplicationTests" time="5.479" tests="1" errors="0" skipped="0" failures="0">
  <properties>
[...]
</properties>
  <testcase name="contextLoads" classname="Kursach.AptekaSystem.AptekaSystemApplicationTests" time="0.805">
    <system-out><![CDATA[19:03:45.664 [main] INFO org.springframework.test.context.support.AnnotationConfigContextLoaderUtils -- Could not detect default configuration classes for test class [Kursach.AptekaSystem.AptekaSystemApplicationTests]: AptekaSystemApplicationTests does not declare any static, non-private, non-final, nested classes annotated with @Configuration.
19:03:45.797 [main] INFO org.springframework.boot.test.context.SpringBootTestContextBootstrapper -- Found @SpringBootConfiguration Kursach.AptekaSystem.AptekaSystemApplication for test class Kursach.AptekaSystem.AptekaSystemApplicationTests

  .   ____          _            __ _ _
 /\\ / ___'_ __ _ _(_)_ __  __ _ \ \ \ \
( ( )\___ | '_ | '_| | '_ \/ _` | \ \ \ \
 \\/  ___)| |_)| | | | | || (_| |  ) ) ) )
  '  |____| .__|_| |_|_| |_\__, | / / / /
 =========|_|==============|___/=/_/_/_/
 :: Spring Boot ::                (v3.2.5)

2024-06-22T19:03:46.298+05:00  INFO 5344 --- [           main] K.A.AptekaSystemApplicationTests         : Starting AptekaSystemApplicationTests using Java 21.0.2 with PID 5344 (started by radio in C:\Users\radio\Labs\AptekaSystem)
2024-06-22T19:03:46.300+05:00  INFO 5344 --- [           main] K.A.AptekaSystemApplicationTests         : No active profile set, falling back to 1 default profile: "default"
2024-06-22T19:03:47.116+05:00  INFO 5344 --- [           main] .s.d.r.c.RepositoryConfigurationDelegate : Bootstrapping Spring Data JPA repositories in DEFAULT mode.
2024-06-22T19:03:47.148+05:00  INFO 5344 --- [           main] .s.d.r.c.RepositoryConfigurationDelegate : Finished Spring Data repository scanning in 19 ms. Found 0 JPA repository interfaces.
2024-06-22T19:03:47.642+05:00  INFO 5344 --- [           main] com.zaxxer.hikari.HikariDataSource       : HikariPool-1 - Starting...
2024-06-22T19:03:47.986+05:00  INFO 5344 --- [           main] com.zaxxer.hikari.pool.HikariPool        : HikariPool-1 - Added connection org.postgresql.jdbc.PgConnection@7ccfdaef
2024-06-22T19:03:47.988+05:00  INFO 5344 --- [           main] com.zaxxer.hikari.HikariDataSource       : HikariPool-1 - Start completed.
2024-06-22T19:03:48.050+05:00  INFO 5344 --- [           main] o.hibernate.jpa.internal.util.LogHelper  : HHH000204: Processing PersistenceUnitInfo [name: default]
2024-06-22T19:03:48.146+05:00  INFO 5344 --- [           main] org.hibernate.Version                    : HHH000412: Hibernate ORM core version 6.4.4.Final
2024-06-22T19:03:48.195+05:00  INFO 5344 --- [           main] o.h.c.internal.RegionFactoryInitiator    : HHH000026: Second-level cache disabled
2024-06-22T19:03:48.619+05:00  INFO 5344 --- [           main] o.s.o.j.p.SpringPersistenceUnitInfo      : No LoadTimeWeaver setup: ignoring JPA class transformer
2024-06-22T19:03:49.296+05:00  INFO 5344 --- [           main] o.h.e.t.j.p.i.JtaPlatformInitiator       : HHH000489: No JTA platform available (set 'hibernate.transaction.jta.platform' to enable JTA platform integration)
2024-06-22T19:03:49.304+05:00  INFO 5344 --- [           main] j.LocalContainerEntityManagerFactoryBean : Initialized JPA EntityManagerFactory for persistence unit 'default'
2024-06-22T19:03:49.571+05:00  WARN 5344 --- [           main] JpaBaseConfiguration$JpaWebConfiguration : spring.jpa.open-in-view is enabled by default. Therefore, database queries may be performed during view rendering. Explicitly configure spring.jpa.open-in-view to disable this warning
2024-06-22T19:03:50.081+05:00  INFO 5344 --- [           main] K.A.AptekaSystemApplicationTests         : Started AptekaSystemApplicationTests in 4.073 seconds (process running for 5.417)
]]></system-out>
    <system-err><![CDATA[WARNING: A Java agent has been loaded dynamically (C:\Users\radio\.m2\repository\net\bytebuddy\byte-buddy-agent\1.14.13\byte-buddy-agent-1.14.13.jar)
WARNING: If a serviceability tool is in use, please run with -XX:+EnableDynamicAgentLoading to hide this warning
WARNING: If a serviceability tool is not in use, please run with -Djdk.instrument.traceUsage for more information
WARNING: Dynamic loading of agents will be disallowed by default in a future release
]]></system-err>
  </testcase>
</testsuite>